	Command being timed: "java -jar /home/zc36/X2/PhyloNet.jar /home/zc36/X2/mcmc/net1_2//long/10/heter/2000/ML_iq_2.nex"
	User time (seconds): 3898.06
	System time (seconds): 206.19
	Percent of CPU this job got: 1013%
	Elapsed (wall clock) time (h:mm:ss or m:ss): 6:44.92
	Average shared text size (kbytes): 0
	Average unshared data size (kbytes): 0
	Average stack size (kbytes): 0
	Average total size (kbytes): 0
	Maximum resident set size (kbytes): 11733412
	Average resident set size (kbytes): 0
	Major (requiring I/O) page faults: 0
	Minor (reclaiming a frame) page faults: 3194202
	Voluntary context switches: 13673241
	Involuntary context switches: 1858750
	Swaps: 0
	File system inputs: 0
	File system outputs: 512
	Socket messages sent: 0
	Socket messages received: 0
	Signals delivered: 0
	Page size (bytes): 4096
	Exit status: 0
