	Command being timed: "java -jar /home/zc36/X2/PhyloNet.jar /home/zc36/X2/mcmc/net1_2//long/10/heter/2000/ML_iq_3.nex"
	User time (seconds): 6660.64
	System time (seconds): 293.03
	Percent of CPU this job got: 891%
	Elapsed (wall clock) time (h:mm:ss or m:ss): 12:59.75
	Average shared text size (kbytes): 0
	Average unshared data size (kbytes): 0
	Average stack size (kbytes): 0
	Average total size (kbytes): 0
	Maximum resident set size (kbytes): 12222400
	Average resident set size (kbytes): 0
	Major (requiring I/O) page faults: 0
	Minor (reclaiming a frame) page faults: 4773951
	Voluntary context switches: 21396990
	Involuntary context switches: 2109704
	Swaps: 0
	File system inputs: 0
	File system outputs: 664
	Socket messages sent: 0
	Socket messages received: 0
	Signals delivered: 0
	Page size (bytes): 4096
	Exit status: 0
