	Command being timed: "java -jar /home/zc36/X2/PhyloNet.jar /home/zc36/X2/mcmc/net1_2//long/1/homo/2000/ML_iq_0.nex"
	User time (seconds): 1090.31
	System time (seconds): 54.48
	Percent of CPU this job got: 1017%
	Elapsed (wall clock) time (h:mm:ss or m:ss): 1:52.53
	Average shared text size (kbytes): 0
	Average unshared data size (kbytes): 0
	Average stack size (kbytes): 0
	Average total size (kbytes): 0
	Maximum resident set size (kbytes): 9906428
	Average resident set size (kbytes): 0
	Major (requiring I/O) page faults: 0
	Minor (reclaiming a frame) page faults: 854821
	Voluntary context switches: 3285553
	Involuntary context switches: 1204048
	Swaps: 0
	File system inputs: 0
	File system outputs: 208
	Socket messages sent: 0
	Socket messages received: 0
	Signals delivered: 0
	Page size (bytes): 4096
	Exit status: 0
