	Command being timed: "java -jar /home/zc36/X2/PhyloNet.jar /home/zc36/X2/mcmc/net1_2//long/1/homo/2000/ML_true_3.nex"
	User time (seconds): 10820.73
	System time (seconds): 319.74
	Percent of CPU this job got: 1094%
	Elapsed (wall clock) time (h:mm:ss or m:ss): 16:57.53
	Average shared text size (kbytes): 0
	Average unshared data size (kbytes): 0
	Average stack size (kbytes): 0
	Average total size (kbytes): 0
	Maximum resident set size (kbytes): 11741204
	Average resident set size (kbytes): 0
	Major (requiring I/O) page faults: 0
	Minor (reclaiming a frame) page faults: 3600266
	Voluntary context switches: 14162145
	Involuntary context switches: 12748840
	Swaps: 0
	File system inputs: 0
	File system outputs: 808
	Socket messages sent: 0
	Socket messages received: 0
	Signals delivered: 0
	Page size (bytes): 4096
	Exit status: 0
