	Command being timed: "java -jar /home/zc36/X2/PhyloNet.jar /home/zc36/X2/mcmc/net1_2//long/1/homo/2000/ML_true_2.nex"
	User time (seconds): 3377.53
	System time (seconds): 163.02
	Percent of CPU this job got: 1167%
	Elapsed (wall clock) time (h:mm:ss or m:ss): 5:03.20
	Average shared text size (kbytes): 0
	Average unshared data size (kbytes): 0
	Average stack size (kbytes): 0
	Average total size (kbytes): 0
	Maximum resident set size (kbytes): 11120120
	Average resident set size (kbytes): 0
	Major (requiring I/O) page faults: 0
	Minor (reclaiming a frame) page faults: 3209660
	Voluntary context switches: 11838282
	Involuntary context switches: 1376988
	Swaps: 0
	File system inputs: 0
	File system outputs: 496
	Socket messages sent: 0
	Socket messages received: 0
	Signals delivered: 0
	Page size (bytes): 4096
	Exit status: 0
