	Command being timed: "java -jar /home/zc36/X2/PhyloNet.jar /home/zc36/X2/mcmc/net0//long/8/homo/2000/ML_iq_1.nex"
	User time (seconds): 1181.73
	System time (seconds): 90.97
	Percent of CPU this job got: 875%
	Elapsed (wall clock) time (h:mm:ss or m:ss): 2:25.36
	Average shared text size (kbytes): 0
	Average unshared data size (kbytes): 0
	Average stack size (kbytes): 0
	Average total size (kbytes): 0
	Maximum resident set size (kbytes): 10635508
	Average resident set size (kbytes): 0
	Major (requiring I/O) page faults: 0
	Minor (reclaiming a frame) page faults: 1586991
	Voluntary context switches: 6010729
	Involuntary context switches: 591317
	Swaps: 0
	File system inputs: 0
	File system outputs: 344
	Socket messages sent: 0
	Socket messages received: 0
	Signals delivered: 0
	Page size (bytes): 4096
	Exit status: 0
