	Command being timed: "java -jar /home/zc36/X2/PhyloNet.jar /home/zc36/X2/mcmc/net1_2//long/8/homo/2000/ML_iq_1.nex"
	User time (seconds): 1395.28
	System time (seconds): 123.97
	Percent of CPU this job got: 749%
	Elapsed (wall clock) time (h:mm:ss or m:ss): 3:22.78
	Average shared text size (kbytes): 0
	Average unshared data size (kbytes): 0
	Average stack size (kbytes): 0
	Average total size (kbytes): 0
	Maximum resident set size (kbytes): 10639408
	Average resident set size (kbytes): 0
	Major (requiring I/O) page faults: 0
	Minor (reclaiming a frame) page faults: 1987180
	Voluntary context switches: 8179257
	Involuntary context switches: 671977
	Swaps: 0
	File system inputs: 0
	File system outputs: 360
	Socket messages sent: 0
	Socket messages received: 0
	Signals delivered: 0
	Page size (bytes): 4096
	Exit status: 0
