	Command being timed: "java -jar /home/zc36/X2/PhyloNet.jar /home/zc36/X2/mcmc/net1_2//long/8/homo/2000/ML_true_2.nex"
	User time (seconds): 10070.21
	System time (seconds): 288.52
	Percent of CPU this job got: 1215%
	Elapsed (wall clock) time (h:mm:ss or m:ss): 14:11.90
	Average shared text size (kbytes): 0
	Average unshared data size (kbytes): 0
	Average stack size (kbytes): 0
	Average total size (kbytes): 0
	Maximum resident set size (kbytes): 11356940
	Average resident set size (kbytes): 0
	Major (requiring I/O) page faults: 0
	Minor (reclaiming a frame) page faults: 4609329
	Voluntary context switches: 13221302
	Involuntary context switches: 12328340
	Swaps: 0
	File system inputs: 0
	File system outputs: 752
	Socket messages sent: 0
	Socket messages received: 0
	Signals delivered: 0
	Page size (bytes): 4096
	Exit status: 0
