	Command being timed: "java -jar /home/zc36/X2/PhyloNet.jar /home/zc36/X2/mcmc/net1_2//long/9/homo/2000/ML_iq_2.nex"
	User time (seconds): 3266.29
	System time (seconds): 177.02
	Percent of CPU this job got: 968%
	Elapsed (wall clock) time (h:mm:ss or m:ss): 5:55.69
	Average shared text size (kbytes): 0
	Average unshared data size (kbytes): 0
	Average stack size (kbytes): 0
	Average total size (kbytes): 0
	Maximum resident set size (kbytes): 11459936
	Average resident set size (kbytes): 0
	Major (requiring I/O) page faults: 0
	Minor (reclaiming a frame) page faults: 2817019
	Voluntary context switches: 11643920
	Involuntary context switches: 1625361
	Swaps: 0
	File system inputs: 0
	File system outputs: 504
	Socket messages sent: 0
	Socket messages received: 0
	Signals delivered: 0
	Page size (bytes): 4096
	Exit status: 0
