	Command being timed: "java -jar /home/zc36/X2/PhyloNet.jar /home/zc36/X2/mcmc/net1_2//long/9/homo/2000/ML_iq_3.nex"
	User time (seconds): 4480.01
	System time (seconds): 188.38
	Percent of CPU this job got: 1072%
	Elapsed (wall clock) time (h:mm:ss or m:ss): 7:15.48
	Average shared text size (kbytes): 0
	Average unshared data size (kbytes): 0
	Average stack size (kbytes): 0
	Average total size (kbytes): 0
	Maximum resident set size (kbytes): 11951004
	Average resident set size (kbytes): 0
	Major (requiring I/O) page faults: 0
	Minor (reclaiming a frame) page faults: 3390252
	Voluntary context switches: 13487579
	Involuntary context switches: 1813906
	Swaps: 0
	File system inputs: 0
	File system outputs: 552
	Socket messages sent: 0
	Socket messages received: 0
	Signals delivered: 0
	Page size (bytes): 4096
	Exit status: 0
