	Command being timed: "java -jar /home/zc36/X2/PhyloNet.jar /home/zc36/X2/mcmc/net1_2//long/9/homo/2000/ML_true_2.nex"
	User time (seconds): 9674.30
	System time (seconds): 281.12
	Percent of CPU this job got: 1238%
	Elapsed (wall clock) time (h:mm:ss or m:ss): 13:23.77
	Average shared text size (kbytes): 0
	Average unshared data size (kbytes): 0
	Average stack size (kbytes): 0
	Average total size (kbytes): 0
	Maximum resident set size (kbytes): 11356248
	Average resident set size (kbytes): 0
	Major (requiring I/O) page faults: 0
	Minor (reclaiming a frame) page faults: 3565308
	Voluntary context switches: 13196379
	Involuntary context switches: 11550160
	Swaps: 0
	File system inputs: 0
	File system outputs: 720
	Socket messages sent: 0
	Socket messages received: 0
	Signals delivered: 0
	Page size (bytes): 4096
	Exit status: 0
