	Command being timed: "java -jar /home/zc36/X2/PhyloNet.jar /home/zc36/X2/mcmc/net1_2//long/9/homo/2000/ML_true_0.nex"
	User time (seconds): 995.89
	System time (seconds): 46.05
	Percent of CPU this job got: 1508%
	Elapsed (wall clock) time (h:mm:ss or m:ss): 1:09.06
	Average shared text size (kbytes): 0
	Average unshared data size (kbytes): 0
	Average stack size (kbytes): 0
	Average total size (kbytes): 0
	Maximum resident set size (kbytes): 9737952
	Average resident set size (kbytes): 0
	Major (requiring I/O) page faults: 0
	Minor (reclaiming a frame) page faults: 967294
	Voluntary context switches: 3358139
	Involuntary context switches: 631325
	Swaps: 0
	File system inputs: 8
	File system outputs: 216
	Socket messages sent: 0
	Socket messages received: 0
	Signals delivered: 0
	Page size (bytes): 4096
	Exit status: 0
