	Command being timed: "java -jar /home/zc36/X2/PhyloNet.jar /home/zc36/X2/mcmc/net0//long/10/homo/2000/ML_true_3.nex"
	User time (seconds): 6291.74
	System time (seconds): 179.66
	Percent of CPU this job got: 945%
	Elapsed (wall clock) time (h:mm:ss or m:ss): 11:24.33
	Average shared text size (kbytes): 0
	Average unshared data size (kbytes): 0
	Average stack size (kbytes): 0
	Average total size (kbytes): 0
	Maximum resident set size (kbytes): 11281864
	Average resident set size (kbytes): 0
	Major (requiring I/O) page faults: 0
	Minor (reclaiming a frame) page faults: 2288395
	Voluntary context switches: 7585154
	Involuntary context switches: 7394270
	Swaps: 0
	File system inputs: 0
	File system outputs: 664
	Socket messages sent: 0
	Socket messages received: 0
	Signals delivered: 0
	Page size (bytes): 4096
	Exit status: 0
