	Command being timed: "java -jar /home/zc36/X2/PhyloNet.jar /home/zc36/X2/mcmc/net0//long/10/homo/2000/ML_true_0.nex"
	User time (seconds): 915.99
	System time (seconds): 40.27
	Percent of CPU this job got: 1528%
	Elapsed (wall clock) time (h:mm:ss or m:ss): 1:02.55
	Average shared text size (kbytes): 0
	Average unshared data size (kbytes): 0
	Average stack size (kbytes): 0
	Average total size (kbytes): 0
	Maximum resident set size (kbytes): 9849800
	Average resident set size (kbytes): 0
	Major (requiring I/O) page faults: 0
	Minor (reclaiming a frame) page faults: 773665
	Voluntary context switches: 2814482
	Involuntary context switches: 688352
	Swaps: 0
	File system inputs: 0
	File system outputs: 216
	Socket messages sent: 0
	Socket messages received: 0
	Signals delivered: 0
	Page size (bytes): 4096
	Exit status: 0
