	Command being timed: "java -jar /home/zc36/X2/PhyloNet.jar /home/zc36/X2/mcmc/net0//long/10/heter/2000/ML_iq_3.nex"
	User time (seconds): 7309.90
	System time (seconds): 282.36
	Percent of CPU this job got: 570%
	Elapsed (wall clock) time (h:mm:ss or m:ss): 22:11.73
	Average shared text size (kbytes): 0
	Average unshared data size (kbytes): 0
	Average stack size (kbytes): 0
	Average total size (kbytes): 0
	Maximum resident set size (kbytes): 12449388
	Average resident set size (kbytes): 0
	Major (requiring I/O) page faults: 0
	Minor (reclaiming a frame) page faults: 4613204
	Voluntary context switches: 18601637
	Involuntary context switches: 1923007
	Swaps: 0
	File system inputs: 0
	File system outputs: 680
	Socket messages sent: 0
	Socket messages received: 0
	Signals delivered: 0
	Page size (bytes): 4096
	Exit status: 0
