	Command being timed: "java -jar /home/zc36/X2/PhyloNet.jar /home/zc36/X2/mcmc/net1_2//long/5/heter/2000/ML_iq_1.nex"
	User time (seconds): 1609.27
	System time (seconds): 114.49
	Percent of CPU this job got: 879%
	Elapsed (wall clock) time (h:mm:ss or m:ss): 3:16.09
	Average shared text size (kbytes): 0
	Average unshared data size (kbytes): 0
	Average stack size (kbytes): 0
	Average total size (kbytes): 0
	Maximum resident set size (kbytes): 10689240
	Average resident set size (kbytes): 0
	Major (requiring I/O) page faults: 0
	Minor (reclaiming a frame) page faults: 3403510
	Voluntary context switches: 7385436
	Involuntary context switches: 845186
	Swaps: 0
	File system inputs: 0
	File system outputs: 368
	Socket messages sent: 0
	Socket messages received: 0
	Signals delivered: 0
	Page size (bytes): 4096
	Exit status: 0
