	Command being timed: "java -jar /home/zc36/X2/PhyloNet.jar /home/zc36/X2/mcmc/net1_2//long/5/homo/2000/ML_iq_0.nex"
	User time (seconds): 806.68
	System time (seconds): 52.77
	Percent of CPU this job got: 1007%
	Elapsed (wall clock) time (h:mm:ss or m:ss): 1:25.26
	Average shared text size (kbytes): 0
	Average unshared data size (kbytes): 0
	Average stack size (kbytes): 0
	Average total size (kbytes): 0
	Maximum resident set size (kbytes): 10019756
	Average resident set size (kbytes): 0
	Major (requiring I/O) page faults: 0
	Minor (reclaiming a frame) page faults: 885620
	Voluntary context switches: 3475412
	Involuntary context switches: 578051
	Swaps: 0
	File system inputs: 0
	File system outputs: 224
	Socket messages sent: 0
	Socket messages received: 0
	Signals delivered: 0
	Page size (bytes): 4096
	Exit status: 0
