	Command being timed: "java -jar /home/zc36/X2/PhyloNet.jar /home/zc36/X2/mcmc/net1_2//long/5/homo/2000/ML_iq_3.nex"
	User time (seconds): 5671.94
	System time (seconds): 310.44
	Percent of CPU this job got: 723%
	Elapsed (wall clock) time (h:mm:ss or m:ss): 13:46.36
	Average shared text size (kbytes): 0
	Average unshared data size (kbytes): 0
	Average stack size (kbytes): 0
	Average total size (kbytes): 0
	Maximum resident set size (kbytes): 12339216
	Average resident set size (kbytes): 0
	Major (requiring I/O) page faults: 0
	Minor (reclaiming a frame) page faults: 5253562
	Voluntary context switches: 21028101
	Involuntary context switches: 1848784
	Swaps: 0
	File system inputs: 0
	File system outputs: 648
	Socket messages sent: 0
	Socket messages received: 0
	Signals delivered: 0
	Page size (bytes): 4096
	Exit status: 0
