	Command being timed: "java -jar /home/zc36/X2/PhyloNet.jar /home/zc36/X2/mcmc/net0//long/1/heter/2000/ML_iq_1.nex"
	User time (seconds): 1625.16
	System time (seconds): 95.46
	Percent of CPU this job got: 972%
	Elapsed (wall clock) time (h:mm:ss or m:ss): 2:56.85
	Average shared text size (kbytes): 0
	Average unshared data size (kbytes): 0
	Average stack size (kbytes): 0
	Average total size (kbytes): 0
	Maximum resident set size (kbytes): 10929516
	Average resident set size (kbytes): 0
	Major (requiring I/O) page faults: 0
	Minor (reclaiming a frame) page faults: 1721878
	Voluntary context switches: 5913274
	Involuntary context switches: 1072680
	Swaps: 0
	File system inputs: 0
	File system outputs: 360
	Socket messages sent: 0
	Socket messages received: 0
	Signals delivered: 0
	Page size (bytes): 4096
	Exit status: 0
