	Command being timed: "java -jar /home/zc36/X2/PhyloNet.jar /home/zc36/X2/mcmc/net0//long/5/homo/2000/ML_iq_3.nex"
	User time (seconds): 2108.48
	System time (seconds): 108.86
	Percent of CPU this job got: 818%
	Elapsed (wall clock) time (h:mm:ss or m:ss): 4:30.75
	Average shared text size (kbytes): 0
	Average unshared data size (kbytes): 0
	Average stack size (kbytes): 0
	Average total size (kbytes): 0
	Maximum resident set size (kbytes): 10871568
	Average resident set size (kbytes): 0
	Major (requiring I/O) page faults: 0
	Minor (reclaiming a frame) page faults: 3007232
	Voluntary context switches: 6950825
	Involuntary context switches: 974765
	Swaps: 0
	File system inputs: 0
	File system outputs: 480
	Socket messages sent: 0
	Socket messages received: 0
	Signals delivered: 0
	Page size (bytes): 4096
	Exit status: 0
