	Command being timed: "java -jar /home/zc36/X2/PhyloNet.jar /home/zc36/X2/mcmc/net0//long/5/homo/2000/ML_iq_2.nex"
	User time (seconds): 1754.49
	System time (seconds): 107.16
	Percent of CPU this job got: 905%
	Elapsed (wall clock) time (h:mm:ss or m:ss): 3:25.70
	Average shared text size (kbytes): 0
	Average unshared data size (kbytes): 0
	Average stack size (kbytes): 0
	Average total size (kbytes): 0
	Maximum resident set size (kbytes): 10714872
	Average resident set size (kbytes): 0
	Major (requiring I/O) page faults: 0
	Minor (reclaiming a frame) page faults: 1934964
	Voluntary context switches: 7070502
	Involuntary context switches: 959251
	Swaps: 0
	File system inputs: 0
	File system outputs: 424
	Socket messages sent: 0
	Socket messages received: 0
	Signals delivered: 0
	Page size (bytes): 4096
	Exit status: 0
