	Command being timed: "java -jar /home/zc36/X2/PhyloNet.jar /home/zc36/X2/mcmc/net0//long/5/homo/2000/ML_true_2.nex"
	User time (seconds): 3839.56
	System time (seconds): 123.04
	Percent of CPU this job got: 1169%
	Elapsed (wall clock) time (h:mm:ss or m:ss): 5:38.92
	Average shared text size (kbytes): 0
	Average unshared data size (kbytes): 0
	Average stack size (kbytes): 0
	Average total size (kbytes): 0
	Maximum resident set size (kbytes): 10921684
	Average resident set size (kbytes): 0
	Major (requiring I/O) page faults: 0
	Minor (reclaiming a frame) page faults: 2053232
	Voluntary context switches: 7343839
	Involuntary context switches: 4118703
	Swaps: 0
	File system inputs: 0
	File system outputs: 488
	Socket messages sent: 0
	Socket messages received: 0
	Signals delivered: 0
	Page size (bytes): 4096
	Exit status: 0
