	Command being timed: "java -jar /home/zc36/X2/PhyloNet.jar /home/zc36/X2/mcmc/net0//long/5/homo/2000/ML_true_3.nex"
	User time (seconds): 5014.39
	System time (seconds): 160.78
	Percent of CPU this job got: 981%
	Elapsed (wall clock) time (h:mm:ss or m:ss): 8:47.53
	Average shared text size (kbytes): 0
	Average unshared data size (kbytes): 0
	Average stack size (kbytes): 0
	Average total size (kbytes): 0
	Maximum resident set size (kbytes): 11091576
	Average resident set size (kbytes): 0
	Major (requiring I/O) page faults: 0
	Minor (reclaiming a frame) page faults: 2230888
	Voluntary context switches: 7663313
	Involuntary context switches: 6094409
	Swaps: 0
	File system inputs: 0
	File system outputs: 712
	Socket messages sent: 0
	Socket messages received: 0
	Signals delivered: 0
	Page size (bytes): 4096
	Exit status: 0
