	Command being timed: "java -jar /home/zc36/X2/PhyloNet.jar /home/zc36/X2/mcmc/net0//long/5/homo/2000/ML_true_1.nex"
	User time (seconds): 1472.55
	System time (seconds): 83.52
	Percent of CPU this job got: 1260%
	Elapsed (wall clock) time (h:mm:ss or m:ss): 2:03.49
	Average shared text size (kbytes): 0
	Average unshared data size (kbytes): 0
	Average stack size (kbytes): 0
	Average total size (kbytes): 0
	Maximum resident set size (kbytes): 10611112
	Average resident set size (kbytes): 0
	Major (requiring I/O) page faults: 0
	Minor (reclaiming a frame) page faults: 1629540
	Voluntary context switches: 6127733
	Involuntary context switches: 633138
	Swaps: 0
	File system inputs: 0
	File system outputs: 328
	Socket messages sent: 0
	Socket messages received: 0
	Signals delivered: 0
	Page size (bytes): 4096
	Exit status: 0
