	Command being timed: "java -jar /home/zc36/X2/PhyloNet.jar /home/zc36/X2/mcmc/net1_2//long/2/homo/2000/ML_iq_0.nex"
	User time (seconds): 682.22
	System time (seconds): 46.52
	Percent of CPU this job got: 1059%
	Elapsed (wall clock) time (h:mm:ss or m:ss): 1:08.78
	Average shared text size (kbytes): 0
	Average unshared data size (kbytes): 0
	Average stack size (kbytes): 0
	Average total size (kbytes): 0
	Maximum resident set size (kbytes): 9617260
	Average resident set size (kbytes): 0
	Major (requiring I/O) page faults: 0
	Minor (reclaiming a frame) page faults: 797140
	Voluntary context switches: 3025173
	Involuntary context switches: 390925
	Swaps: 0
	File system inputs: 0
	File system outputs: 232
	Socket messages sent: 0
	Socket messages received: 0
	Signals delivered: 0
	Page size (bytes): 4096
	Exit status: 0
