	Command being timed: "java -jar /home/zc36/X2/PhyloNet.jar /home/zc36/X2/mcmc/net1_2//long/2/homo/2000/ML_iq_3.nex"
	User time (seconds): 3280.07
	System time (seconds): 175.03
	Percent of CPU this job got: 846%
	Elapsed (wall clock) time (h:mm:ss or m:ss): 6:48.11
	Average shared text size (kbytes): 0
	Average unshared data size (kbytes): 0
	Average stack size (kbytes): 0
	Average total size (kbytes): 0
	Maximum resident set size (kbytes): 11578888
	Average resident set size (kbytes): 0
	Major (requiring I/O) page faults: 0
	Minor (reclaiming a frame) page faults: 3580231
	Voluntary context switches: 12331997
	Involuntary context switches: 1245881
	Swaps: 0
	File system inputs: 0
	File system outputs: 576
	Socket messages sent: 0
	Socket messages received: 0
	Signals delivered: 0
	Page size (bytes): 4096
	Exit status: 0
