	Command being timed: "java -jar /home/zc36/X2/PhyloNet.jar /home/zc36/X2/mcmc/net1_2//long/2/homo/2000/ML_true_3.nex"
	User time (seconds): 7883.77
	System time (seconds): 242.09
	Percent of CPU this job got: 1042%
	Elapsed (wall clock) time (h:mm:ss or m:ss): 12:59.10
	Average shared text size (kbytes): 0
	Average unshared data size (kbytes): 0
	Average stack size (kbytes): 0
	Average total size (kbytes): 0
	Maximum resident set size (kbytes): 11468868
	Average resident set size (kbytes): 0
	Major (requiring I/O) page faults: 0
	Minor (reclaiming a frame) page faults: 2925534
	Voluntary context switches: 11017741
	Involuntary context switches: 8862626
	Swaps: 0
	File system inputs: 0
	File system outputs: 816
	Socket messages sent: 0
	Socket messages received: 0
	Signals delivered: 0
	Page size (bytes): 4096
	Exit status: 0
