	Command being timed: "java -jar /home/zc36/X2/PhyloNet.jar /home/zc36/X2/mcmc/net1_2//long/2/homo/2000/ML_true_2.nex"
	User time (seconds): 3652.67
	System time (seconds): 148.17
	Percent of CPU this job got: 1175%
	Elapsed (wall clock) time (h:mm:ss or m:ss): 5:23.38
	Average shared text size (kbytes): 0
	Average unshared data size (kbytes): 0
	Average stack size (kbytes): 0
	Average total size (kbytes): 0
	Maximum resident set size (kbytes): 11196836
	Average resident set size (kbytes): 0
	Major (requiring I/O) page faults: 0
	Minor (reclaiming a frame) page faults: 2520122
	Voluntary context switches: 9965685
	Involuntary context switches: 2645244
	Swaps: 0
	File system inputs: 0
	File system outputs: 488
	Socket messages sent: 0
	Socket messages received: 0
	Signals delivered: 0
	Page size (bytes): 4096
	Exit status: 0
