	Command being timed: "java -jar /home/zc36/X2/PhyloNet.jar /home/zc36/X2/mcmc/net0//long/3/homo/2000/ML_iq_2.nex"
	User time (seconds): 1515.81
	System time (seconds): 113.16
	Percent of CPU this job got: 714%
	Elapsed (wall clock) time (h:mm:ss or m:ss): 3:47.98
	Average shared text size (kbytes): 0
	Average unshared data size (kbytes): 0
	Average stack size (kbytes): 0
	Average total size (kbytes): 0
	Maximum resident set size (kbytes): 10888592
	Average resident set size (kbytes): 0
	Major (requiring I/O) page faults: 0
	Minor (reclaiming a frame) page faults: 1978930
	Voluntary context switches: 7415612
	Involuntary context switches: 665423
	Swaps: 0
	File system inputs: 0
	File system outputs: 440
	Socket messages sent: 0
	Socket messages received: 0
	Signals delivered: 0
	Page size (bytes): 4096
	Exit status: 0
