	Command being timed: "java -jar /home/zc36/X2/PhyloNet.jar /home/zc36/X2/mcmc/net0//long/3/homo/2000/ML_true_3.nex"
	User time (seconds): 7297.96
	System time (seconds): 208.99
	Percent of CPU this job got: 1026%
	Elapsed (wall clock) time (h:mm:ss or m:ss): 12:11.42
	Average shared text size (kbytes): 0
	Average unshared data size (kbytes): 0
	Average stack size (kbytes): 0
	Average total size (kbytes): 0
	Maximum resident set size (kbytes): 11282692
	Average resident set size (kbytes): 0
	Major (requiring I/O) page faults: 0
	Minor (reclaiming a frame) page faults: 3150753
	Voluntary context switches: 9320269
	Involuntary context switches: 8823914
	Swaps: 0
	File system inputs: 0
	File system outputs: 760
	Socket messages sent: 0
	Socket messages received: 0
	Signals delivered: 0
	Page size (bytes): 4096
	Exit status: 0
