	Command being timed: "java -jar /home/zc36/X2/PhyloNet.jar /home/zc36/X2/mcmc/net0//long/3/homo/2000/ML_true_0.nex"
	User time (seconds): 714.59
	System time (seconds): 42.35
	Percent of CPU this job got: 1312%
	Elapsed (wall clock) time (h:mm:ss or m:ss): 0:57.67
	Average shared text size (kbytes): 0
	Average unshared data size (kbytes): 0
	Average stack size (kbytes): 0
	Average total size (kbytes): 0
	Maximum resident set size (kbytes): 9941068
	Average resident set size (kbytes): 0
	Major (requiring I/O) page faults: 0
	Minor (reclaiming a frame) page faults: 924729
	Voluntary context switches: 3110796
	Involuntary context switches: 311854
	Swaps: 0
	File system inputs: 0
	File system outputs: 224
	Socket messages sent: 0
	Socket messages received: 0
	Signals delivered: 0
	Page size (bytes): 4096
	Exit status: 0
