	Command being timed: "java -jar /home/zc36/X2/PhyloNet.jar /home/zc36/X2/mcmc/net1_2//long/4/homo/2000/ML_iq_3.nex"
	User time (seconds): 3847.50
	System time (seconds): 218.91
	Percent of CPU this job got: 755%
	Elapsed (wall clock) time (h:mm:ss or m:ss): 8:58.04
	Average shared text size (kbytes): 0
	Average unshared data size (kbytes): 0
	Average stack size (kbytes): 0
	Average total size (kbytes): 0
	Maximum resident set size (kbytes): 11922744
	Average resident set size (kbytes): 0
	Major (requiring I/O) page faults: 0
	Minor (reclaiming a frame) page faults: 3493119
	Voluntary context switches: 14499430
	Involuntary context switches: 1705794
	Swaps: 0
	File system inputs: 0
	File system outputs: 616
	Socket messages sent: 0
	Socket messages received: 0
	Signals delivered: 0
	Page size (bytes): 4096
	Exit status: 0
