	Command being timed: "java -jar /home/zc36/X2/PhyloNet.jar /home/zc36/X2/mcmc/net1_2//long/4/homo/2000/ML_true_2.nex"
	User time (seconds): 8873.24
	System time (seconds): 280.91
	Percent of CPU this job got: 1153%
	Elapsed (wall clock) time (h:mm:ss or m:ss): 13:13.46
	Average shared text size (kbytes): 0
	Average unshared data size (kbytes): 0
	Average stack size (kbytes): 0
	Average total size (kbytes): 0
	Maximum resident set size (kbytes): 11154020
	Average resident set size (kbytes): 0
	Major (requiring I/O) page faults: 0
	Minor (reclaiming a frame) page faults: 3306045
	Voluntary context switches: 13412854
	Involuntary context switches: 10676926
	Swaps: 0
	File system inputs: 0
	File system outputs: 728
	Socket messages sent: 0
	Socket messages received: 0
	Signals delivered: 0
	Page size (bytes): 4096
	Exit status: 0
