	Command being timed: "java -jar /home/zc36/X2/PhyloNet.jar /home/zc36/X2/mcmc/net1_2//long/4/homo/2000/ML_true_3.nex"
	User time (seconds): 11881.18
	System time (seconds): 336.06
	Percent of CPU this job got: 1396%
	Elapsed (wall clock) time (h:mm:ss or m:ss): 14:34.55
	Average shared text size (kbytes): 0
	Average unshared data size (kbytes): 0
	Average stack size (kbytes): 0
	Average total size (kbytes): 0
	Maximum resident set size (kbytes): 12002208
	Average resident set size (kbytes): 0
	Major (requiring I/O) page faults: 0
	Minor (reclaiming a frame) page faults: 3794096
	Voluntary context switches: 16505522
	Involuntary context switches: 12012978
	Swaps: 0
	File system inputs: 0
	File system outputs: 808
	Socket messages sent: 0
	Socket messages received: 0
	Signals delivered: 0
	Page size (bytes): 4096
	Exit status: 0
