	Command being timed: "java -jar /home/zc36/X2/PhyloNet.jar /home/zc36/X2/mcmc/net1_2//long/3/heter/2000/ML_iq_2.nex"
	User time (seconds): 4351.57
	System time (seconds): 222.48
	Percent of CPU this job got: 931%
	Elapsed (wall clock) time (h:mm:ss or m:ss): 8:11.24
	Average shared text size (kbytes): 0
	Average unshared data size (kbytes): 0
	Average stack size (kbytes): 0
	Average total size (kbytes): 0
	Maximum resident set size (kbytes): 11702880
	Average resident set size (kbytes): 0
	Major (requiring I/O) page faults: 0
	Minor (reclaiming a frame) page faults: 3398028
	Voluntary context switches: 14612466
	Involuntary context switches: 1961913
	Swaps: 0
	File system inputs: 0
	File system outputs: 528
	Socket messages sent: 0
	Socket messages received: 0
	Signals delivered: 0
	Page size (bytes): 4096
	Exit status: 0
