	Command being timed: "java -jar /home/zc36/X2/PhyloNet.jar /home/zc36/X2/mcmc/net1_2//long/3/heter/2000/ML_iq_1.nex"
	User time (seconds): 2692.77
	System time (seconds): 157.36
	Percent of CPU this job got: 987%
	Elapsed (wall clock) time (h:mm:ss or m:ss): 4:48.61
	Average shared text size (kbytes): 0
	Average unshared data size (kbytes): 0
	Average stack size (kbytes): 0
	Average total size (kbytes): 0
	Maximum resident set size (kbytes): 11277524
	Average resident set size (kbytes): 0
	Major (requiring I/O) page faults: 0
	Minor (reclaiming a frame) page faults: 2483349
	Voluntary context switches: 10283304
	Involuntary context switches: 1353875
	Swaps: 0
	File system inputs: 0
	File system outputs: 400
	Socket messages sent: 0
	Socket messages received: 0
	Signals delivered: 0
	Page size (bytes): 4096
	Exit status: 0
