	Command being timed: "java -jar /home/zc36/X2/PhyloNet.jar /home/zc36/X2/mcmc/net0//long/4/heter/2000/ML_iq_0.nex"
	User time (seconds): 1074.25
	System time (seconds): 54.90
	Percent of CPU this job got: 1007%
	Elapsed (wall clock) time (h:mm:ss or m:ss): 1:52.04
	Average shared text size (kbytes): 0
	Average unshared data size (kbytes): 0
	Average stack size (kbytes): 0
	Average total size (kbytes): 0
	Maximum resident set size (kbytes): 9676080
	Average resident set size (kbytes): 0
	Major (requiring I/O) page faults: 0
	Minor (reclaiming a frame) page faults: 847265
	Voluntary context switches: 3282805
	Involuntary context switches: 1153089
	Swaps: 0
	File system inputs: 0
	File system outputs: 232
	Socket messages sent: 0
	Socket messages received: 0
	Signals delivered: 0
	Page size (bytes): 4096
	Exit status: 0
