	Command being timed: "java -jar /home/zc36/X2/PhyloNet.jar /home/zc36/X2/mcmc/net0//long/4/heter/2000/ML_iq_3.nex"
	User time (seconds): 4182.73
	System time (seconds): 232.33
	Percent of CPU this job got: 744%
	Elapsed (wall clock) time (h:mm:ss or m:ss): 9:52.64
	Average shared text size (kbytes): 0
	Average unshared data size (kbytes): 0
	Average stack size (kbytes): 0
	Average total size (kbytes): 0
	Maximum resident set size (kbytes): 12045192
	Average resident set size (kbytes): 0
	Major (requiring I/O) page faults: 0
	Minor (reclaiming a frame) page faults: 3591397
	Voluntary context switches: 14981508
	Involuntary context switches: 1659267
	Swaps: 0
	File system inputs: 0
	File system outputs: 632
	Socket messages sent: 0
	Socket messages received: 0
	Signals delivered: 0
	Page size (bytes): 4096
	Exit status: 0
