	Command being timed: "java -jar /home/zc36/X2/PhyloNet.jar /home/zc36/X2/mcmc/net0//long/3/heter/2000/ML_iq_3.nex"
	User time (seconds): 4070.46
	System time (seconds): 205.36
	Percent of CPU this job got: 852%
	Elapsed (wall clock) time (h:mm:ss or m:ss): 8:21.49
	Average shared text size (kbytes): 0
	Average unshared data size (kbytes): 0
	Average stack size (kbytes): 0
	Average total size (kbytes): 0
	Maximum resident set size (kbytes): 11738984
	Average resident set size (kbytes): 0
	Major (requiring I/O) page faults: 0
	Minor (reclaiming a frame) page faults: 3369593
	Voluntary context switches: 13399490
	Involuntary context switches: 1735689
	Swaps: 0
	File system inputs: 0
	File system outputs: 576
	Socket messages sent: 0
	Socket messages received: 0
	Signals delivered: 0
	Page size (bytes): 4096
	Exit status: 0
