	Command being timed: "java -jar /home/zc36/X2/PhyloNet.jar /home/zc36/X2/mcmc/net0//long/8/heter/2000/ML_iq_3.nex"
	User time (seconds): 8415.42
	System time (seconds): 408.15
	Percent of CPU this job got: 668%
	Elapsed (wall clock) time (h:mm:ss or m:ss): 21:59.02
	Average shared text size (kbytes): 0
	Average unshared data size (kbytes): 0
	Average stack size (kbytes): 0
	Average total size (kbytes): 0
	Maximum resident set size (kbytes): 12316360
	Average resident set size (kbytes): 0
	Major (requiring I/O) page faults: 0
	Minor (reclaiming a frame) page faults: 5930302
	Voluntary context switches: 27021664
	Involuntary context switches: 2710618
	Swaps: 0
	File system inputs: 0
	File system outputs: 704
	Socket messages sent: 0
	Socket messages received: 0
	Signals delivered: 0
	Page size (bytes): 4096
	Exit status: 0
