	Command being timed: "java -jar /home/zc36/X2/PhyloNet.jar /home/zc36/X2/mcmc/net1_2//long/7/homo/2000/ML_iq_2.nex"
	User time (seconds): 2608.54
	System time (seconds): 152.40
	Percent of CPU this job got: 930%
	Elapsed (wall clock) time (h:mm:ss or m:ss): 4:56.62
	Average shared text size (kbytes): 0
	Average unshared data size (kbytes): 0
	Average stack size (kbytes): 0
	Average total size (kbytes): 0
	Maximum resident set size (kbytes): 11420556
	Average resident set size (kbytes): 0
	Major (requiring I/O) page faults: 0
	Minor (reclaiming a frame) page faults: 2427200
	Voluntary context switches: 10344480
	Involuntary context switches: 1239186
	Swaps: 0
	File system inputs: 0
	File system outputs: 464
	Socket messages sent: 0
	Socket messages received: 0
	Signals delivered: 0
	Page size (bytes): 4096
	Exit status: 0
