	Command being timed: "java -jar /home/zc36/X2/PhyloNet.jar /home/zc36/X2/mcmc/net0//long/6/homo/2000/ML_true_2.nex"
	User time (seconds): 2879.07
	System time (seconds): 99.98
	Percent of CPU this job got: 1152%
	Elapsed (wall clock) time (h:mm:ss or m:ss): 4:18.46
	Average shared text size (kbytes): 0
	Average unshared data size (kbytes): 0
	Average stack size (kbytes): 0
	Average total size (kbytes): 0
	Maximum resident set size (kbytes): 10731464
	Average resident set size (kbytes): 0
	Major (requiring I/O) page faults: 0
	Minor (reclaiming a frame) page faults: 1673884
	Voluntary context switches: 6201155
	Involuntary context switches: 2401212
	Swaps: 0
	File system inputs: 0
	File system outputs: 496
	Socket messages sent: 0
	Socket messages received: 0
	Signals delivered: 0
	Page size (bytes): 4096
	Exit status: 0
