	Command being timed: "java -jar /home/zc36/X2/PhyloNet.jar /home/zc36/X2/mcmc/net0//long/2/heter/2000/ML_iq_3.nex"
	User time (seconds): 2427.92
	System time (seconds): 158.44
	Percent of CPU this job got: 672%
	Elapsed (wall clock) time (h:mm:ss or m:ss): 6:24.30
	Average shared text size (kbytes): 0
	Average unshared data size (kbytes): 0
	Average stack size (kbytes): 0
	Average total size (kbytes): 0
	Maximum resident set size (kbytes): 11525104
	Average resident set size (kbytes): 0
	Major (requiring I/O) page faults: 0
	Minor (reclaiming a frame) page faults: 2814618
	Voluntary context switches: 10268156
	Involuntary context switches: 1015707
	Swaps: 0
	File system inputs: 0
	File system outputs: 552
	Socket messages sent: 0
	Socket messages received: 0
	Signals delivered: 0
	Page size (bytes): 4096
	Exit status: 0
