	Command being timed: "java -jar /home/zc36/X2/PhyloNet.jar /home/zc36/X2/mcmc/net0//long/9/homo/2000/ML_iq_2.nex"
	User time (seconds): 1515.65
	System time (seconds): 98.16
	Percent of CPU this job got: 876%
	Elapsed (wall clock) time (h:mm:ss or m:ss): 3:04.22
	Average shared text size (kbytes): 0
	Average unshared data size (kbytes): 0
	Average stack size (kbytes): 0
	Average total size (kbytes): 0
	Maximum resident set size (kbytes): 11066112
	Average resident set size (kbytes): 0
	Major (requiring I/O) page faults: 0
	Minor (reclaiming a frame) page faults: 2199038
	Voluntary context switches: 6168845
	Involuntary context switches: 801943
	Swaps: 0
	File system inputs: 0
	File system outputs: 376
	Socket messages sent: 0
	Socket messages received: 0
	Signals delivered: 0
	Page size (bytes): 4096
	Exit status: 0
