	Command being timed: "java -jar /home/zc36/X2/PhyloNet.jar /home/zc36/X2/mcmc/net0//long/9/homo/2000/ML_iq_3.nex"
	User time (seconds): 1933.63
	System time (seconds): 120.35
	Percent of CPU this job got: 720%
	Elapsed (wall clock) time (h:mm:ss or m:ss): 4:45.06
	Average shared text size (kbytes): 0
	Average unshared data size (kbytes): 0
	Average stack size (kbytes): 0
	Average total size (kbytes): 0
	Maximum resident set size (kbytes): 11347784
	Average resident set size (kbytes): 0
	Major (requiring I/O) page faults: 0
	Minor (reclaiming a frame) page faults: 2016626
	Voluntary context switches: 7834047
	Involuntary context switches: 765570
	Swaps: 0
	File system inputs: 0
	File system outputs: 544
	Socket messages sent: 0
	Socket messages received: 0
	Signals delivered: 0
	Page size (bytes): 4096
	Exit status: 0
