	Command being timed: "java -jar /home/zc36/X2/PhyloNet.jar /home/zc36/X2/mcmc/net0//long/9/homo/2000/ML_true_3.nex"
	User time (seconds): 4970.89
	System time (seconds): 155.70
	Percent of CPU this job got: 1044%
	Elapsed (wall clock) time (h:mm:ss or m:ss): 8:10.62
	Average shared text size (kbytes): 0
	Average unshared data size (kbytes): 0
	Average stack size (kbytes): 0
	Average total size (kbytes): 0
	Maximum resident set size (kbytes): 11096592
	Average resident set size (kbytes): 0
	Major (requiring I/O) page faults: 0
	Minor (reclaiming a frame) page faults: 2026118
	Voluntary context switches: 7250159
	Involuntary context switches: 5747937
	Swaps: 0
	File system inputs: 0
	File system outputs: 624
	Socket messages sent: 0
	Socket messages received: 0
	Signals delivered: 0
	Page size (bytes): 4096
	Exit status: 0
