	Command being timed: "java -jar /home/zc36/X2/PhyloNet.jar /home/zc36/X2/mcmc/net0//long/9/homo/2000/ML_true_2.nex"
	User time (seconds): 4254.05
	System time (seconds): 134.71
	Percent of CPU this job got: 1162%
	Elapsed (wall clock) time (h:mm:ss or m:ss): 6:17.57
	Average shared text size (kbytes): 0
	Average unshared data size (kbytes): 0
	Average stack size (kbytes): 0
	Average total size (kbytes): 0
	Maximum resident set size (kbytes): 10798544
	Average resident set size (kbytes): 0
	Major (requiring I/O) page faults: 0
	Minor (reclaiming a frame) page faults: 1849799
	Voluntary context switches: 6521478
	Involuntary context switches: 5227899
	Swaps: 0
	File system inputs: 0
	File system outputs: 536
	Socket messages sent: 0
	Socket messages received: 0
	Signals delivered: 0
	Page size (bytes): 4096
	Exit status: 0
