	Command being timed: "java -jar /home/zc36/X2/PhyloNet.jar /home/zc36/X2/mcmc/net1_2//long/3/homo/2000/ML_iq_3.nex"
	User time (seconds): 3469.17
	System time (seconds): 219.92
	Percent of CPU this job got: 721%
	Elapsed (wall clock) time (h:mm:ss or m:ss): 8:31.35
	Average shared text size (kbytes): 0
	Average unshared data size (kbytes): 0
	Average stack size (kbytes): 0
	Average total size (kbytes): 0
	Maximum resident set size (kbytes): 11991784
	Average resident set size (kbytes): 0
	Major (requiring I/O) page faults: 0
	Minor (reclaiming a frame) page faults: 3533745
	Voluntary context switches: 14450723
	Involuntary context switches: 1521389
	Swaps: 0
	File system inputs: 0
	File system outputs: 624
	Socket messages sent: 0
	Socket messages received: 0
	Signals delivered: 0
	Page size (bytes): 4096
	Exit status: 0
