	Command being timed: "java -jar /home/zc36/X2/PhyloNet.jar /home/zc36/X2/mcmc/net1_2//long/3/homo/2000/ML_true_2.nex"
	User time (seconds): 6898.68
	System time (seconds): 229.85
	Percent of CPU this job got: 1135%
	Elapsed (wall clock) time (h:mm:ss or m:ss): 10:27.76
	Average shared text size (kbytes): 0
	Average unshared data size (kbytes): 0
	Average stack size (kbytes): 0
	Average total size (kbytes): 0
	Maximum resident set size (kbytes): 11206008
	Average resident set size (kbytes): 0
	Major (requiring I/O) page faults: 0
	Minor (reclaiming a frame) page faults: 3681349
	Voluntary context switches: 12657943
	Involuntary context switches: 6960162
	Swaps: 0
	File system inputs: 0
	File system outputs: 672
	Socket messages sent: 0
	Socket messages received: 0
	Signals delivered: 0
	Page size (bytes): 4096
	Exit status: 0
