	Command being timed: "java -jar /home/zc36/X2/PhyloNet.jar /home/zc36/X2/mcmc/net0//long/7/homo/2000/ML_true_3.nex"
	User time (seconds): 8924.61
	System time (seconds): 249.36
	Percent of CPU this job got: 1005%
	Elapsed (wall clock) time (h:mm:ss or m:ss): 15:11.97
	Average shared text size (kbytes): 0
	Average unshared data size (kbytes): 0
	Average stack size (kbytes): 0
	Average total size (kbytes): 0
	Maximum resident set size (kbytes): 11622816
	Average resident set size (kbytes): 0
	Major (requiring I/O) page faults: 0
	Minor (reclaiming a frame) page faults: 3811860
	Voluntary context switches: 10701826
	Involuntary context switches: 10474278
	Swaps: 0
	File system inputs: 0
	File system outputs: 752
	Socket messages sent: 0
	Socket messages received: 0
	Signals delivered: 0
	Page size (bytes): 4096
	Exit status: 0
