	Command being timed: "java -jar /home/zc36/X2/PhyloNet.jar /home/zc36/X2/mcmc/net1_2//long/6/heter/2000/ML_iq_0.nex"
	User time (seconds): 699.42
	System time (seconds): 52.80
	Percent of CPU this job got: 927%
	Elapsed (wall clock) time (h:mm:ss or m:ss): 1:21.07
	Average shared text size (kbytes): 0
	Average unshared data size (kbytes): 0
	Average stack size (kbytes): 0
	Average total size (kbytes): 0
	Maximum resident set size (kbytes): 9921040
	Average resident set size (kbytes): 0
	Major (requiring I/O) page faults: 0
	Minor (reclaiming a frame) page faults: 1713004
	Voluntary context switches: 3521076
	Involuntary context switches: 408641
	Swaps: 0
	File system inputs: 0
	File system outputs: 232
	Socket messages sent: 0
	Socket messages received: 0
	Signals delivered: 0
	Page size (bytes): 4096
	Exit status: 0
