	Command being timed: "java -jar /home/zc36/X2/PhyloNet.jar /home/zc36/X2/mcmc/net0//long/9/heter/2000/ML_iq_2.nex"
	User time (seconds): 2255.88
	System time (seconds): 138.71
	Percent of CPU this job got: 883%
	Elapsed (wall clock) time (h:mm:ss or m:ss): 4:31.03
	Average shared text size (kbytes): 0
	Average unshared data size (kbytes): 0
	Average stack size (kbytes): 0
	Average total size (kbytes): 0
	Maximum resident set size (kbytes): 11311988
	Average resident set size (kbytes): 0
	Major (requiring I/O) page faults: 0
	Minor (reclaiming a frame) page faults: 2189287
	Voluntary context switches: 8973186
	Involuntary context switches: 1032070
	Swaps: 0
	File system inputs: 0
	File system outputs: 456
	Socket messages sent: 0
	Socket messages received: 0
	Signals delivered: 0
	Page size (bytes): 4096
	Exit status: 0
