	Command being timed: "java -jar /home/zc36/X2/PhyloNet.jar /home/zc36/X2/mcmc/net0//long/7/heter/2000/ML_iq_0.nex"
	User time (seconds): 685.98
	System time (seconds): 52.85
	Percent of CPU this job got: 900%
	Elapsed (wall clock) time (h:mm:ss or m:ss): 1:22.01
	Average shared text size (kbytes): 0
	Average unshared data size (kbytes): 0
	Average stack size (kbytes): 0
	Average total size (kbytes): 0
	Maximum resident set size (kbytes): 10045576
	Average resident set size (kbytes): 0
	Major (requiring I/O) page faults: 0
	Minor (reclaiming a frame) page faults: 982306
	Voluntary context switches: 3506148
	Involuntary context switches: 375259
	Swaps: 0
	File system inputs: 0
	File system outputs: 224
	Socket messages sent: 0
	Socket messages received: 0
	Signals delivered: 0
	Page size (bytes): 4096
	Exit status: 0
