	Command being timed: "java -jar /home/zc36/X2/PhyloNet.jar /home/zc36/X2/mcmc/net0//long/7/heter/2000/ML_iq_2.nex"
	User time (seconds): 2647.53
	System time (seconds): 145.72
	Percent of CPU this job got: 880%
	Elapsed (wall clock) time (h:mm:ss or m:ss): 5:17.28
	Average shared text size (kbytes): 0
	Average unshared data size (kbytes): 0
	Average stack size (kbytes): 0
	Average total size (kbytes): 0
	Maximum resident set size (kbytes): 11446976
	Average resident set size (kbytes): 0
	Major (requiring I/O) page faults: 0
	Minor (reclaiming a frame) page faults: 3047787
	Voluntary context switches: 9516234
	Involuntary context switches: 1199179
	Swaps: 0
	File system inputs: 0
	File system outputs: 464
	Socket messages sent: 0
	Socket messages received: 0
	Signals delivered: 0
	Page size (bytes): 4096
	Exit status: 0
