	Command being timed: "java -jar /home/zc36/X2/PhyloNet.jar /home/zc36/X2/mcmc/net0//long/7/heter/2000/ML_iq_3.nex"
	User time (seconds): 3242.73
	System time (seconds): 178.73
	Percent of CPU this job got: 708%
	Elapsed (wall clock) time (h:mm:ss or m:ss): 8:02.73
	Average shared text size (kbytes): 0
	Average unshared data size (kbytes): 0
	Average stack size (kbytes): 0
	Average total size (kbytes): 0
	Maximum resident set size (kbytes): 11854204
	Average resident set size (kbytes): 0
	Major (requiring I/O) page faults: 0
	Minor (reclaiming a frame) page faults: 3765806
	Voluntary context switches: 11671666
	Involuntary context switches: 1055513
	Swaps: 0
	File system inputs: 0
	File system outputs: 552
	Socket messages sent: 0
	Socket messages received: 0
	Signals delivered: 0
	Page size (bytes): 4096
	Exit status: 0
