	Command being timed: "java -jar /home/zc36/X2/PhyloNet.jar /home/zc36/X2/mcmc/net1_2//long/10/homo/2000/ML_iq_2.nex"
	User time (seconds): 3649.47
	System time (seconds): 207.84
	Percent of CPU this job got: 921%
	Elapsed (wall clock) time (h:mm:ss or m:ss): 6:58.56
	Average shared text size (kbytes): 0
	Average unshared data size (kbytes): 0
	Average stack size (kbytes): 0
	Average total size (kbytes): 0
	Maximum resident set size (kbytes): 11561216
	Average resident set size (kbytes): 0
	Major (requiring I/O) page faults: 0
	Minor (reclaiming a frame) page faults: 3364931
	Voluntary context switches: 13717708
	Involuntary context switches: 1853164
	Swaps: 0
	File system inputs: 0
	File system outputs: 512
	Socket messages sent: 0
	Socket messages received: 0
	Signals delivered: 0
	Page size (bytes): 4096
	Exit status: 0
