	Command being timed: "java -jar /home/zc36/X2/PhyloNet.jar /home/zc36/X2/mcmc/net1_2//long/10/homo/2000/ML_iq_3.nex"
	User time (seconds): 5357.52
	System time (seconds): 227.43
	Percent of CPU this job got: 1019%
	Elapsed (wall clock) time (h:mm:ss or m:ss): 9:08.00
	Average shared text size (kbytes): 0
	Average unshared data size (kbytes): 0
	Average stack size (kbytes): 0
	Average total size (kbytes): 0
	Maximum resident set size (kbytes): 11969688
	Average resident set size (kbytes): 0
	Major (requiring I/O) page faults: 0
	Minor (reclaiming a frame) page faults: 4034399
	Voluntary context switches: 16783102
	Involuntary context switches: 2076258
	Swaps: 0
	File system inputs: 0
	File system outputs: 624
	Socket messages sent: 0
	Socket messages received: 0
	Signals delivered: 0
	Page size (bytes): 4096
	Exit status: 0
