	Command being timed: "java -jar /home/zc36/X2/PhyloNet.jar /home/zc36/X2/mcmc/net1_2//long/10/homo/2000/ML_true_0.nex"
	User time (seconds): 1027.53
	System time (seconds): 41.50
	Percent of CPU this job got: 1704%
	Elapsed (wall clock) time (h:mm:ss or m:ss): 1:02.71
	Average shared text size (kbytes): 0
	Average unshared data size (kbytes): 0
	Average stack size (kbytes): 0
	Average total size (kbytes): 0
	Maximum resident set size (kbytes): 9337132
	Average resident set size (kbytes): 0
	Major (requiring I/O) page faults: 0
	Minor (reclaiming a frame) page faults: 736595
	Voluntary context switches: 2922119
	Involuntary context switches: 816639
	Swaps: 0
	File system inputs: 0
	File system outputs: 216
	Socket messages sent: 0
	Socket messages received: 0
	Signals delivered: 0
	Page size (bytes): 4096
	Exit status: 0
