	Command being timed: "java -jar /home/zc36/X2/PhyloNet.jar /home/zc36/X2/mcmc/net1_2//long/9/heter/2000/ML_iq_3.nex"
	User time (seconds): 7874.50
	System time (seconds): 383.95
	Percent of CPU this job got: 864%
	Elapsed (wall clock) time (h:mm:ss or m:ss): 15:55.20
	Average shared text size (kbytes): 0
	Average unshared data size (kbytes): 0
	Average stack size (kbytes): 0
	Average total size (kbytes): 0
	Maximum resident set size (kbytes): 11521396
	Average resident set size (kbytes): 0
	Major (requiring I/O) page faults: 0
	Minor (reclaiming a frame) page faults: 6504814
	Voluntary context switches: 28860722
	Involuntary context switches: 2050136
	Swaps: 0
	File system inputs: 0
	File system outputs: 688
	Socket messages sent: 0
	Socket messages received: 0
	Signals delivered: 0
	Page size (bytes): 4096
	Exit status: 0
