	Command being timed: "java -jar /home/zc36/X2/PhyloNet.jar /home/zc36/X2/mcmc/net1_2//long/9/heter/2000/ML_iq_2.nex"
	User time (seconds): 5126.99
	System time (seconds): 264.60
	Percent of CPU this job got: 993%
	Elapsed (wall clock) time (h:mm:ss or m:ss): 9:02.86
	Average shared text size (kbytes): 0
	Average unshared data size (kbytes): 0
	Average stack size (kbytes): 0
	Average total size (kbytes): 0
	Maximum resident set size (kbytes): 12071444
	Average resident set size (kbytes): 0
	Major (requiring I/O) page faults: 0
	Minor (reclaiming a frame) page faults: 4335688
	Voluntary context switches: 17649962
	Involuntary context switches: 2402453
	Swaps: 0
	File system inputs: 0
	File system outputs: 552
	Socket messages sent: 0
	Socket messages received: 0
	Signals delivered: 0
	Page size (bytes): 4096
	Exit status: 0
