	Command being timed: "java -jar /home/zc36/X2/PhyloNet.jar /home/zc36/X2/mcmc/net1_2//long/9/heter/2000/ML_iq_1.nex"
	User time (seconds): 2127.61
	System time (seconds): 134.44
	Percent of CPU this job got: 960%
	Elapsed (wall clock) time (h:mm:ss or m:ss): 3:55.48
	Average shared text size (kbytes): 0
	Average unshared data size (kbytes): 0
	Average stack size (kbytes): 0
	Average total size (kbytes): 0
	Maximum resident set size (kbytes): 10597176
	Average resident set size (kbytes): 0
	Major (requiring I/O) page faults: 0
	Minor (reclaiming a frame) page faults: 2287955
	Voluntary context switches: 9059773
	Involuntary context switches: 1074732
	Swaps: 0
	File system inputs: 0
	File system outputs: 368
	Socket messages sent: 0
	Socket messages received: 0
	Signals delivered: 0
	Page size (bytes): 4096
	Exit status: 0
