	Command being timed: "java -jar /home/zc36/X2/PhyloNet.jar /home/zc36/X2/mcmc/net1_2//long/7/heter/2000/ML_iq_2.nex"
	User time (seconds): 3391.31
	System time (seconds): 186.78
	Percent of CPU this job got: 848%
	Elapsed (wall clock) time (h:mm:ss or m:ss): 7:01.79
	Average shared text size (kbytes): 0
	Average unshared data size (kbytes): 0
	Average stack size (kbytes): 0
	Average total size (kbytes): 0
	Maximum resident set size (kbytes): 11413664
	Average resident set size (kbytes): 0
	Major (requiring I/O) page faults: 0
	Minor (reclaiming a frame) page faults: 2976318
	Voluntary context switches: 12165037
	Involuntary context switches: 1739170
	Swaps: 0
	File system inputs: 0
	File system outputs: 504
	Socket messages sent: 0
	Socket messages received: 0
	Signals delivered: 0
	Page size (bytes): 4096
	Exit status: 0
