	Command being timed: "java -jar /home/zc36/X2/PhyloNet.jar /home/zc36/X2/mcmc/net0//long/4/homo/2000/ML_iq_0.nex"
	User time (seconds): 836.17
	System time (seconds): 54.03
	Percent of CPU this job got: 855%
	Elapsed (wall clock) time (h:mm:ss or m:ss): 1:44.11
	Average shared text size (kbytes): 0
	Average unshared data size (kbytes): 0
	Average stack size (kbytes): 0
	Average total size (kbytes): 0
	Maximum resident set size (kbytes): 9707172
	Average resident set size (kbytes): 0
	Major (requiring I/O) page faults: 0
	Minor (reclaiming a frame) page faults: 959848
	Voluntary context switches: 3312512
	Involuntary context switches: 877201
	Swaps: 0
	File system inputs: 0
	File system outputs: 232
	Socket messages sent: 0
	Socket messages received: 0
	Signals delivered: 0
	Page size (bytes): 4096
	Exit status: 0
