	Command being timed: "java -jar /home/zc36/X2/PhyloNet.jar /home/zc36/X2/mcmc/net0//long/4/homo/2000/ML_iq_3.nex"
	User time (seconds): 1749.43
	System time (seconds): 120.46
	Percent of CPU this job got: 659%
	Elapsed (wall clock) time (h:mm:ss or m:ss): 4:43.36
	Average shared text size (kbytes): 0
	Average unshared data size (kbytes): 0
	Average stack size (kbytes): 0
	Average total size (kbytes): 0
	Maximum resident set size (kbytes): 11393416
	Average resident set size (kbytes): 0
	Major (requiring I/O) page faults: 0
	Minor (reclaiming a frame) page faults: 2002957
	Voluntary context switches: 7458022
	Involuntary context switches: 791348
	Swaps: 0
	File system inputs: 0
	File system outputs: 480
	Socket messages sent: 0
	Socket messages received: 0
	Signals delivered: 0
	Page size (bytes): 4096
	Exit status: 0
