	Command being timed: "java -jar /home/zc36/X2/PhyloNet.jar /home/zc36/X2/mcmc/net0//long/4/homo/2000/ML_true_2.nex"
	User time (seconds): 1852.54
	System time (seconds): 86.80
	Percent of CPU this job got: 1155%
	Elapsed (wall clock) time (h:mm:ss or m:ss): 2:47.86
	Average shared text size (kbytes): 0
	Average unshared data size (kbytes): 0
	Average stack size (kbytes): 0
	Average total size (kbytes): 0
	Maximum resident set size (kbytes): 10784788
	Average resident set size (kbytes): 0
	Major (requiring I/O) page faults: 0
	Minor (reclaiming a frame) page faults: 1591618
	Voluntary context switches: 6211152
	Involuntary context switches: 745746
	Swaps: 0
	File system inputs: 0
	File system outputs: 376
	Socket messages sent: 0
	Socket messages received: 0
	Signals delivered: 0
	Page size (bytes): 4096
	Exit status: 0
