	Command being timed: "java -jar /home/zc36/X2/PhyloNet.jar /home/zc36/X2/mcmc/net1_2//long/6/homo/2000/ML_true_2.nex"
	User time (seconds): 8179.37
	System time (seconds): 241.12
	Percent of CPU this job got: 1287%
	Elapsed (wall clock) time (h:mm:ss or m:ss): 10:53.85
	Average shared text size (kbytes): 0
	Average unshared data size (kbytes): 0
	Average stack size (kbytes): 0
	Average total size (kbytes): 0
	Maximum resident set size (kbytes): 11375968
	Average resident set size (kbytes): 0
	Major (requiring I/O) page faults: 0
	Minor (reclaiming a frame) page faults: 3048151
	Voluntary context switches: 11422313
	Involuntary context switches: 9802296
	Swaps: 0
	File system inputs: 0
	File system outputs: 736
	Socket messages sent: 0
	Socket messages received: 0
	Signals delivered: 0
	Page size (bytes): 4096
	Exit status: 0
