	Command being timed: "java -jar /home/zc36/X2/PhyloNet.jar /home/zc36/X2/mcmc/net1_2//long/6/homo/2000/ML_true_3.nex"
	User time (seconds): 3113.93
	System time (seconds): 198.15
	Percent of CPU this job got: 708%
	Elapsed (wall clock) time (h:mm:ss or m:ss): 7:47.59
	Average shared text size (kbytes): 0
	Average unshared data size (kbytes): 0
	Average stack size (kbytes): 0
	Average total size (kbytes): 0
	Maximum resident set size (kbytes): 11329112
	Average resident set size (kbytes): 0
	Major (requiring I/O) page faults: 0
	Minor (reclaiming a frame) page faults: 3439487
	Voluntary context switches: 16305663
	Involuntary context switches: 288918
	Swaps: 0
	File system inputs: 0
	File system outputs: 608
	Socket messages sent: 0
	Socket messages received: 0
	Signals delivered: 0
	Page size (bytes): 4096
	Exit status: 0
