	Command being timed: "java -jar /home/zc36/X2/PhyloNet.jar /home/zc36/X2/mcmc/net0//long/1/homo/2000/ML_iq_3.nex"
	User time (seconds): 2058.24
	System time (seconds): 130.39
	Percent of CPU this job got: 711%
	Elapsed (wall clock) time (h:mm:ss or m:ss): 5:07.51
	Average shared text size (kbytes): 0
	Average unshared data size (kbytes): 0
	Average stack size (kbytes): 0
	Average total size (kbytes): 0
	Maximum resident set size (kbytes): 11269948
	Average resident set size (kbytes): 0
	Major (requiring I/O) page faults: 0
	Minor (reclaiming a frame) page faults: 2630045
	Voluntary context switches: 8505804
	Involuntary context switches: 836205
	Swaps: 0
	File system inputs: 0
	File system outputs: 512
	Socket messages sent: 0
	Socket messages received: 0
	Signals delivered: 0
	Page size (bytes): 4096
	Exit status: 0
