	Command being timed: "java -jar /home/zc36/X2/PhyloNet.jar /home/zc36/X2/mcmc/net0//long/1/homo/2000/ML_true_0.nex"
	User time (seconds): 447.17
	System time (seconds): 40.62
	Percent of CPU this job got: 830%
	Elapsed (wall clock) time (h:mm:ss or m:ss): 0:58.76
	Average shared text size (kbytes): 0
	Average unshared data size (kbytes): 0
	Average stack size (kbytes): 0
	Average total size (kbytes): 0
	Maximum resident set size (kbytes): 9629868
	Average resident set size (kbytes): 0
	Major (requiring I/O) page faults: 9
	Minor (reclaiming a frame) page faults: 1724646
	Voluntary context switches: 3492844
	Involuntary context switches: 17474
	Swaps: 0
	File system inputs: 91584
	File system outputs: 216
	Socket messages sent: 0
	Socket messages received: 0
	Signals delivered: 0
	Page size (bytes): 4096
	Exit status: 0
