	Command being timed: "java -jar /home/zc36/X2/PhyloNet.jar /home/zc36/X2/mcmc/net0//long/1/homo/2000/ML_true_2.nex"
	User time (seconds): 1958.36
	System time (seconds): 94.24
	Percent of CPU this job got: 1118%
	Elapsed (wall clock) time (h:mm:ss or m:ss): 3:03.48
	Average shared text size (kbytes): 0
	Average unshared data size (kbytes): 0
	Average stack size (kbytes): 0
	Average total size (kbytes): 0
	Maximum resident set size (kbytes): 11253284
	Average resident set size (kbytes): 0
	Major (requiring I/O) page faults: 0
	Minor (reclaiming a frame) page faults: 1889328
	Voluntary context switches: 6754704
	Involuntary context switches: 798374
	Swaps: 0
	File system inputs: 0
	File system outputs: 400
	Socket messages sent: 0
	Socket messages received: 0
	Signals delivered: 0
	Page size (bytes): 4096
	Exit status: 0
