	Command being timed: "java -jar /home/zc36/X2/PhyloNet.jar /home/zc36/X2/mcmc/net0//long/1/homo/2000/ML_true_3.nex"
	User time (seconds): 6279.13
	System time (seconds): 156.71
	Percent of CPU this job got: 800%
	Elapsed (wall clock) time (h:mm:ss or m:ss): 13:24.42
	Average shared text size (kbytes): 0
	Average unshared data size (kbytes): 0
	Average stack size (kbytes): 0
	Average total size (kbytes): 0
	Maximum resident set size (kbytes): 11413548
	Average resident set size (kbytes): 0
	Major (requiring I/O) page faults: 0
	Minor (reclaiming a frame) page faults: 2299952
	Voluntary context switches: 7101245
	Involuntary context switches: 6299778
	Swaps: 0
	File system inputs: 0
	File system outputs: 712
	Socket messages sent: 0
	Socket messages received: 0
	Signals delivered: 0
	Page size (bytes): 4096
	Exit status: 0
